<?xml version="1.0" encoding="UTF-8"?>
<testsuite name="com.example.demo.DemoApplicationTests" tests="1" skipped="0" failures="0" errors="0" timestamp="2021-05-16T19:27:57" hostname="MacBook-Pro-de-lucas.local" time="0.565">
  <properties/>
  <testcase name="contextLoads()" classname="com.example.demo.DemoApplicationTests" time="0.565"/>
  <system-out><![CDATA[16:27:44.166 [Test worker] DEBUG org.springframework.test.context.BootstrapUtils - Instantiating CacheAwareContextLoaderDelegate from class [org.springframework.test.context.cache.DefaultCacheAwareContextLoaderDelegate]
16:27:44.199 [Test worker] DEBUG org.springframework.test.context.BootstrapUtils - Instantiating BootstrapContext using constructor [public org.springframework.test.context.support.DefaultBootstrapContext(java.lang.Class,org.springframework.test.context.CacheAwareContextLoaderDelegate)]
16:27:44.263 [Test worker] DEBUG org.springframework.test.context.BootstrapUtils - Instantiating TestContextBootstrapper for test class [com.example.demo.DemoApplicationTests] from class [org.springframework.boot.test.context.SpringBootTestContextBootstrapper]
16:27:44.279 [Test worker] INFO org.springframework.boot.test.context.SpringBootTestContextBootstrapper - Neither @ContextConfiguration nor @ContextHierarchy found for test class [com.example.demo.DemoApplicationTests], using SpringBootContextLoader
16:27:44.288 [Test worker] DEBUG org.springframework.test.context.support.AbstractContextLoader - Did not detect default resource location for test class [com.example.demo.DemoApplicationTests]: class path resource [com/example/demo/DemoApplicationTests-context.xml] does not exist
16:27:44.289 [Test worker] DEBUG org.springframework.test.context.support.AbstractContextLoader - Did not detect default resource location for test class [com.example.demo.DemoApplicationTests]: class path resource [com/example/demo/DemoApplicationTestsContext.groovy] does not exist
16:27:44.290 [Test worker] INFO org.springframework.test.context.support.AbstractContextLoader - Could not detect default resource locations for test class [com.example.demo.DemoApplicationTests]: no resource found for suffixes {-context.xml, Context.groovy}.
16:27:44.291 [Test worker] INFO org.springframework.test.context.support.AnnotationConfigContextLoaderUtils - Could not detect default configuration classes for test class [com.example.demo.DemoApplicationTests]: DemoApplicationTests does not declare any static, non-private, non-final, nested classes annotated with @Configuration.
16:27:44.358 [Test worker] DEBUG org.springframework.test.context.support.ActiveProfilesUtils - Could not find an 'annotation declaring class' for annotation type [org.springframework.test.context.ActiveProfiles] and class [com.example.demo.DemoApplicationTests]
16:27:44.433 [Test worker] DEBUG org.springframework.context.annotation.ClassPathScanningCandidateComponentProvider - Identified candidate component class: file [/Users/lucas/Documents/workspace/java-springboot-reactive/build/classes/java/main/com/example/demo/DemoApplication.class]
16:27:44.434 [Test worker] INFO org.springframework.boot.test.context.SpringBootTestContextBootstrapper - Found @SpringBootConfiguration com.example.demo.DemoApplication for test class com.example.demo.DemoApplicationTests
16:27:44.574 [Test worker] DEBUG org.springframework.boot.test.context.SpringBootTestContextBootstrapper - @TestExecutionListeners is not present for class [com.example.demo.DemoApplicationTests]: using defaults.
16:27:44.575 [Test worker] INFO org.springframework.boot.test.context.SpringBootTestContextBootstrapper - Loaded default TestExecutionListener class names from location [META-INF/spring.factories]: [org.springframework.boot.test.autoconfigure.restdocs.RestDocsTestExecutionListener, org.springframework.boot.test.autoconfigure.web.client.MockRestServiceServerResetTestExecutionListener, org.springframework.boot.test.autoconfigure.web.servlet.MockMvcPrintOnlyOnFailureTestExecutionListener, org.springframework.boot.test.autoconfigure.web.servlet.WebDriverTestExecutionListener, org.springframework.boot.test.autoconfigure.webservices.client.MockWebServiceServerTestExecutionListener, org.springframework.boot.test.mock.mockito.MockitoTestExecutionListener, org.springframework.boot.test.mock.mockito.ResetMocksTestExecutionListener, org.springframework.test.context.web.ServletTestExecutionListener, org.springframework.test.context.support.DirtiesContextBeforeModesTestExecutionListener, org.springframework.test.context.event.ApplicationEventsTestExecutionListener, org.springframework.test.context.support.DependencyInjectionTestExecutionListener, org.springframework.test.context.support.DirtiesContextTestExecutionListener, org.springframework.test.context.transaction.TransactionalTestExecutionListener, org.springframework.test.context.jdbc.SqlScriptsTestExecutionListener, org.springframework.test.context.event.EventPublishingTestExecutionListener]
16:27:44.592 [Test worker] DEBUG org.springframework.boot.test.context.SpringBootTestContextBootstrapper - Skipping candidate TestExecutionListener [org.springframework.test.context.web.ServletTestExecutionListener] due to a missing dependency. Specify custom listener classes or make the default listener classes and their required dependencies available. Offending class: [javax.servlet.ServletContext]
16:27:44.606 [Test worker] INFO org.springframework.boot.test.context.SpringBootTestContextBootstrapper - Using TestExecutionListeners: [org.springframework.test.context.support.DirtiesContextBeforeModesTestExecutionListener@3bae40d4, org.springframework.test.context.event.ApplicationEventsTestExecutionListener@a8982574, org.springframework.boot.test.mock.mockito.MockitoTestExecutionListener@81ec4213, org.springframework.boot.test.autoconfigure.SpringBootDependencyInjectionTestExecutionListener@bbdc10fb, org.springframework.test.context.support.DirtiesContextTestExecutionListener@60187fe2, org.springframework.test.context.transaction.TransactionalTestExecutionListener@7bd0e375, org.springframework.test.context.jdbc.SqlScriptsTestExecutionListener@b1d4fc92, org.springframework.test.context.event.EventPublishingTestExecutionListener@7ed55fbb, org.springframework.boot.test.autoconfigure.restdocs.RestDocsTestExecutionListener@ccc9f680, org.springframework.boot.test.autoconfigure.web.client.MockRestServiceServerResetTestExecutionListener@bb953052, org.springframework.boot.test.autoconfigure.web.servlet.MockMvcPrintOnlyOnFailureTestExecutionListener@8b4d194c, org.springframework.boot.test.autoconfigure.web.servlet.WebDriverTestExecutionListener@752536a1, org.springframework.boot.test.autoconfigure.webservices.client.MockWebServiceServerTestExecutionListener@108d5b50, org.springframework.boot.test.mock.mockito.ResetMocksTestExecutionListener@8e8d0859]
16:27:44.611 [Test worker] DEBUG org.springframework.test.context.support.AbstractDirtiesContextTestExecutionListener - Before test class: context [DefaultTestContext@47aa6dbe testClass = DemoApplicationTests, testInstance = [null], testMethod = [null], testException = [null], mergedContextConfiguration = [ReactiveWebMergedContextConfiguration@4216e135 testClass = DemoApplicationTests, locations = '{}', classes = '{class com.example.demo.DemoApplication}', contextInitializerClasses = '[]', activeProfiles = '{}', propertySourceLocations = '{}', propertySourceProperties = '{org.springframework.boot.test.context.SpringBootTestContextBootstrapper=true}', contextCustomizers = set[org.springframework.boot.test.autoconfigure.actuate.metrics.MetricsExportContextCustomizerFactory$DisableMetricExportContextCustomizer@7f023006, org.springframework.boot.test.autoconfigure.properties.PropertyMappingContextCustomizer@0, org.springframework.boot.test.autoconfigure.web.servlet.WebDriverContextCustomizerFactory$Customizer@a4c25a70, org.springframework.boot.test.context.filter.ExcludeFilterContextCustomizer@c3bae6cd, org.springframework.boot.test.json.DuplicateJsonObjectContextCustomizerFactory$DuplicateJsonObjectContextCustomizer@b7f9497c, org.springframework.boot.test.mock.mockito.MockitoContextCustomizer@0, org.springframework.boot.test.web.client.TestRestTemplateContextCustomizer@a0fd621, org.springframework.boot.test.web.reactive.server.WebTestClientContextCustomizer@3163977b, org.springframework.boot.test.context.SpringBootTestArgs@1, org.springframework.boot.test.context.SpringBootTestWebEnvironment@6af5fbd7], contextLoader = 'org.springframework.boot.test.context.SpringBootContextLoader', parent = [null]], attributes = map[[empty]]], class annotated with @DirtiesContext [false] with mode [null].
16:27:44.626 [Test worker] DEBUG org.springframework.test.context.support.DependencyInjectionTestExecutionListener - Performing dependency injection for test context [[DefaultTestContext@47aa6dbe testClass = DemoApplicationTests, testInstance = com.example.demo.DemoApplicationTests@e254dfcc, testMethod = [null], testException = [null], mergedContextConfiguration = [ReactiveWebMergedContextConfiguration@4216e135 testClass = DemoApplicationTests, locations = '{}', classes = '{class com.example.demo.DemoApplication}', contextInitializerClasses = '[]', activeProfiles = '{}', propertySourceLocations = '{}', propertySourceProperties = '{org.springframework.boot.test.context.SpringBootTestContextBootstrapper=true}', contextCustomizers = set[org.springframework.boot.test.autoconfigure.actuate.metrics.MetricsExportContextCustomizerFactory$DisableMetricExportContextCustomizer@7f023006, org.springframework.boot.test.autoconfigure.properties.PropertyMappingContextCustomizer@0, org.springframework.boot.test.autoconfigure.web.servlet.WebDriverContextCustomizerFactory$Customizer@a4c25a70, org.springframework.boot.test.context.filter.ExcludeFilterContextCustomizer@c3bae6cd, org.springframework.boot.test.json.DuplicateJsonObjectContextCustomizerFactory$DuplicateJsonObjectContextCustomizer@b7f9497c, org.springframework.boot.test.mock.mockito.MockitoContextCustomizer@0, org.springframework.boot.test.web.client.TestRestTemplateContextCustomizer@a0fd621, org.springframework.boot.test.web.reactive.server.WebTestClientContextCustomizer@3163977b, org.springframework.boot.test.context.SpringBootTestArgs@1, org.springframework.boot.test.context.SpringBootTestWebEnvironment@6af5fbd7], contextLoader = 'org.springframework.boot.test.context.SpringBootContextLoader', parent = [null]], attributes = map['org.springframework.test.context.event.ApplicationEventsTestExecutionListener.recordApplicationEvents' -> false]]].
16:27:44.663 [Test worker] DEBUG org.springframework.test.context.support.TestPropertySourceUtils - Adding inlined properties to environment: {spring.jmx.enabled=false, org.springframework.boot.test.context.SpringBootTestContextBootstrapper=true}

  .   ____          _            __ _ _
 /\\ / ___'_ __ _ _(_)_ __  __ _ \ \ \ \
( ( )\___ | '_ | '_| | '_ \/ _` | \ \ \ \
 \\/  ___)| |_)| | | | | || (_| |  ) ) ) )
  '  |____| .__|_| |_|_| |_\__, | / / / /
 =========|_|==============|___/=/_/_/_/
 :: Spring Boot ::                (v2.4.5)

2021-05-16 16:27:50.021  WARN 46969 --- [    Test worker] o.s.boot.StartupInfoLogger               : InetAddress.getLocalHost().getHostName() took 5010 milliseconds to respond. Please verify your network configuration (macOS machines may need to add entries to /etc/hosts).
2021-05-16 16:27:50.025  INFO 46969 --- [    Test worker] com.example.demo.DemoApplicationTests    : Starting DemoApplicationTests using Java 11.0.11 on MacBook-Pro-de-lucas.local with PID 46969 (started by lucas in /Users/lucas/Documents/workspace/java-springboot-reactive)
2021-05-16 16:27:50.026  INFO 46969 --- [    Test worker] com.example.demo.DemoApplicationTests    : No active profile set, falling back to default profiles: default
2021-05-16 16:27:51.427  INFO 46969 --- [    Test worker] .s.d.r.c.RepositoryConfigurationDelegate : Bootstrapping Spring Data Reactive MongoDB repositories in DEFAULT mode.
2021-05-16 16:27:51.442  INFO 46969 --- [    Test worker] .s.d.r.c.RepositoryConfigurationDelegate : Finished Spring Data repository scanning in 8 ms. Found 0 Reactive MongoDB repository interfaces.
2021-05-16 16:27:51.448  INFO 46969 --- [    Test worker] .s.d.r.c.RepositoryConfigurationDelegate : Bootstrapping Spring Data MongoDB repositories in DEFAULT mode.
2021-05-16 16:27:51.451  INFO 46969 --- [    Test worker] .s.d.r.c.RepositoryConfigurationDelegate : Finished Spring Data repository scanning in 3 ms. Found 0 MongoDB repository interfaces.
2021-05-16 16:27:51.845  INFO 46969 --- [    Test worker] o.s.c.a.ConfigurationClassEnhancer       : @Bean method FunctionConfiguration.po is non-static and returns an object assignable to Spring's BeanFactoryPostProcessor interface. This will result in a failure to process annotations such as @Autowired, @Resource and @PostConstruct within the method's declaring @Configuration class. Add the 'static' modifier to this method to avoid these container lifecycle issues; see @Bean javadoc for complete details.
2021-05-16 16:27:51.887  INFO 46969 --- [    Test worker] faultConfiguringBeanFactoryPostProcessor : No bean named 'errorChannel' has been explicitly defined. Therefore, a default PublishSubscribeChannel will be created.
2021-05-16 16:27:51.897  INFO 46969 --- [    Test worker] faultConfiguringBeanFactoryPostProcessor : No bean named 'taskScheduler' has been explicitly defined. Therefore, a default ThreadPoolTaskScheduler will be created.
2021-05-16 16:27:51.905  INFO 46969 --- [    Test worker] faultConfiguringBeanFactoryPostProcessor : No bean named 'integrationHeaderChannelRegistry' has been explicitly defined. Therefore, a default DefaultHeaderChannelRegistry will be created.
2021-05-16 16:27:52.042  INFO 46969 --- [    Test worker] trationDelegate$BeanPostProcessorChecker : Bean 'org.springframework.cloud.stream.config.BindersHealthIndicatorAutoConfiguration' of type [org.springframework.cloud.stream.config.BindersHealthIndicatorAutoConfiguration$$EnhancerBySpringCGLIB$$948aaf37] is not eligible for getting processed by all BeanPostProcessors (for example: not eligible for auto-proxying)
2021-05-16 16:27:52.063  INFO 46969 --- [    Test worker] trationDelegate$BeanPostProcessorChecker : Bean 'bindersHealthContributor' of type [org.springframework.cloud.stream.config.BindersHealthIndicatorAutoConfiguration$BindersHealthContributor] is not eligible for getting processed by all BeanPostProcessors (for example: not eligible for auto-proxying)
2021-05-16 16:27:52.066  INFO 46969 --- [    Test worker] trationDelegate$BeanPostProcessorChecker : Bean 'bindersHealthIndicatorListener' of type [org.springframework.cloud.stream.config.BindersHealthIndicatorAutoConfiguration$BindersHealthIndicatorListener] is not eligible for getting processed by all BeanPostProcessors (for example: not eligible for auto-proxying)
2021-05-16 16:27:52.113  INFO 46969 --- [    Test worker] trationDelegate$BeanPostProcessorChecker : Bean 'org.springframework.integration.config.IntegrationManagementConfiguration' of type [org.springframework.integration.config.IntegrationManagementConfiguration] is not eligible for getting processed by all BeanPostProcessors (for example: not eligible for auto-proxying)
2021-05-16 16:27:52.326  INFO 46969 --- [    Test worker] trationDelegate$BeanPostProcessorChecker : Bean 'integrationChannelResolver' of type [org.springframework.integration.support.channel.BeanFactoryChannelResolver] is not eligible for getting processed by all BeanPostProcessors (for example: not eligible for auto-proxying)
2021-05-16 16:27:52.331  INFO 46969 --- [    Test worker] trationDelegate$BeanPostProcessorChecker : Bean 'integrationDisposableAutoCreatedBeans' of type [org.springframework.integration.config.annotation.Disposables] is not eligible for getting processed by all BeanPostProcessors (for example: not eligible for auto-proxying)
2021-05-16 16:27:53.873  INFO 46969 --- [       Thread-7] o.s.b.a.mongo.embedded.EmbeddedMongo     : note: noprealloc may hurt performance in many applications
2021-05-16 16:27:53.892  INFO 46969 --- [       Thread-7] o.s.b.a.mongo.embedded.EmbeddedMongo     : 2021-05-16T16:27:53.891-0300 I CONTROL  [initandlisten] MongoDB starting : pid=46971 port=56467 dbpath=/var/folders/tw/0hfk_nmj1gzbdlz1r8jtjg8m0000gn/T/embedmongo-db-e77454c0-fdc3-44d7-b136-db97287ea0e2 64-bit host=MacBook-Pro-de-lucas.local
2021-05-16 16:27:53.893  INFO 46969 --- [       Thread-7] o.s.b.a.mongo.embedded.EmbeddedMongo     : 2021-05-16T16:27:53.892-0300 I CONTROL  [initandlisten] db version v3.5.5
2021-05-16 16:27:53.893  INFO 46969 --- [       Thread-7] o.s.b.a.mongo.embedded.EmbeddedMongo     : 2021-05-16T16:27:53.892-0300 I CONTROL  [initandlisten] git version: 98515c812b6fa893613f063dae568ff8319cbfbd
2021-05-16 16:27:53.894  INFO 46969 --- [       Thread-7] o.s.b.a.mongo.embedded.EmbeddedMongo     : 2021-05-16T16:27:53.892-0300 I CONTROL  [initandlisten] allocator: system
2021-05-16 16:27:53.894  INFO 46969 --- [       Thread-7] o.s.b.a.mongo.embedded.EmbeddedMongo     : 2021-05-16T16:27:53.892-0300 I CONTROL  [initandlisten] modules: none
2021-05-16 16:27:53.895  INFO 46969 --- [       Thread-7] o.s.b.a.mongo.embedded.EmbeddedMongo     : 2021-05-16T16:27:53.892-0300 I CONTROL  [initandlisten] build environment:
2021-05-16 16:27:53.895  INFO 46969 --- [       Thread-7] o.s.b.a.mongo.embedded.EmbeddedMongo     : 2021-05-16T16:27:53.892-0300 I CONTROL  [initandlisten]     distarch: x86_64
2021-05-16 16:27:53.895  INFO 46969 --- [       Thread-7] o.s.b.a.mongo.embedded.EmbeddedMongo     : 2021-05-16T16:27:53.892-0300 I CONTROL  [initandlisten]     target_arch: x86_64
2021-05-16 16:27:53.896  INFO 46969 --- [       Thread-7] o.s.b.a.mongo.embedded.EmbeddedMongo     : 2021-05-16T16:27:53.892-0300 I CONTROL  [initandlisten] options: { net: { bindIp: "127.0.0.1", http: { enabled: false }, port: 56467 }, security: { authorization: "disabled" }, storage: { dbPath: "/var/folders/tw/0hfk_nmj1gzbdlz1r8jtjg8m0000gn/T/embedmongo-db-e77454c0-fdc3-44d7-b136-db97287ea0e2", journal: { enabled: false }, mmapv1: { preallocDataFiles: false, smallFiles: true }, syncPeriodSecs: 0.0 } }
2021-05-16 16:27:53.907  INFO 46969 --- [       Thread-7] o.s.b.a.mongo.embedded.EmbeddedMongo     : 2021-05-16T16:27:53.907-0300 I STORAGE  [initandlisten] wiredtiger_open config: create,cache_size=3584M,session_max=20000,eviction=(threads_min=4,threads_max=4),config_base=false,statistics=(fast),log=(enabled=true,archive=true,path=journal,compressor=snappy),file_manager=(close_idle_time=100000),checkpoint=(wait=0,log_size=2GB),statistics_log=(wait=0),verbose=(recovery_progress),,log=(enabled=false),
2021-05-16 16:27:54.147  INFO 46969 --- [       Thread-7] o.s.b.a.mongo.embedded.EmbeddedMongo     : 2021-05-16T16:27:54.146-0300 W STORAGE  [initandlisten] Detected configuration for non-active storage engine mmapv1 when current storage engine is wiredTiger
2021-05-16 16:27:54.148  INFO 46969 --- [       Thread-7] o.s.b.a.mongo.embedded.EmbeddedMongo     : 2021-05-16T16:27:54.146-0300 I CONTROL  [initandlisten] 
2021-05-16 16:27:54.148  INFO 46969 --- [       Thread-7] o.s.b.a.mongo.embedded.EmbeddedMongo     : 2021-05-16T16:27:54.146-0300 I CONTROL  [initandlisten] ** NOTE: This is a development version (3.5.5) of MongoDB.
2021-05-16 16:27:54.148  INFO 46969 --- [       Thread-7] o.s.b.a.mongo.embedded.EmbeddedMongo     : 2021-05-16T16:27:54.146-0300 I CONTROL  [initandlisten] **       Not recommended for production.
2021-05-16 16:27:54.148  INFO 46969 --- [       Thread-7] o.s.b.a.mongo.embedded.EmbeddedMongo     : 2021-05-16T16:27:54.146-0300 I CONTROL  [initandlisten] 
2021-05-16 16:27:54.248  INFO 46969 --- [       Thread-7] o.s.b.a.mongo.embedded.EmbeddedMongo     : 2021-05-16T16:27:54.247-0300 I FTDC     [initandlisten] Initializing full-time diagnostic data capture with directory '/var/folders/tw/0hfk_nmj1gzbdlz1r8jtjg8m0000gn/T/embedmongo-db-e77454c0-fdc3-44d7-b136-db97287ea0e2/diagnostic.data'
2021-05-16 16:27:54.375  INFO 46969 --- [       Thread-7] o.s.b.a.mongo.embedded.EmbeddedMongo     : 2021-05-16T16:27:54.374-0300 I INDEX    [initandlisten] build index on: admin.system.version properties: { v: 2, key: { version: 1 }, name: "incompatible_with_version_32", ns: "admin.system.version" }
2021-05-16 16:27:54.375  INFO 46969 --- [       Thread-7] o.s.b.a.mongo.embedded.EmbeddedMongo     : 2021-05-16T16:27:54.374-0300 I INDEX    [initandlisten] 	 building index using bulk method; build may temporarily use up to 500 megabytes of RAM
2021-05-16 16:27:54.394  INFO 46969 --- [       Thread-7] o.s.b.a.mongo.embedded.EmbeddedMongo     : 2021-05-16T16:27:54.389-0300 I INDEX    [initandlisten] build index done.  scanned 0 total records. 0 secs
2021-05-16 16:27:54.400  INFO 46969 --- [       Thread-7] o.s.b.a.mongo.embedded.EmbeddedMongo     : 2021-05-16T16:27:54.395-0300 I COMMAND  [initandlisten] setting featureCompatibilityVersion to 3.4
2021-05-16 16:27:54.410  INFO 46969 --- [       Thread-7] o.s.b.a.mongo.embedded.EmbeddedMongo     : 2021-05-16T16:27:54.410-0300 I NETWORK  [thread1] waiting for connections on port 56467
2021-05-16 16:27:54.413  INFO 46969 --- [    Test worker] d.f.embed.mongo.MongodExecutable         : start de.flapdoodle.embed.mongo.config.MongodConfigBuilder$ImmutableMongodConfig@2cd8540e
2021-05-16 16:27:54.778  INFO 46969 --- [    Test worker] org.mongodb.driver.cluster               : Cluster created with settings {hosts=[localhost:56467], mode=SINGLE, requiredClusterType=UNKNOWN, serverSelectionTimeout='30000 ms'}
2021-05-16 16:27:54.885  INFO 46969 --- [    Test worker] org.mongodb.driver.cluster               : Cluster created with settings {hosts=[localhost:56467], mode=SINGLE, requiredClusterType=UNKNOWN, serverSelectionTimeout='30000 ms'}
2021-05-16 16:27:54.971  INFO 46969 --- [       Thread-7] o.s.b.a.mongo.embedded.EmbeddedMongo     : 2021-05-16T16:27:54.971-0300 I NETWORK  [thread1] connection accepted from 127.0.0.1:56473 #1 (1 connection now open)
2021-05-16 16:27:54.971  INFO 46969 --- [       Thread-7] o.s.b.a.mongo.embedded.EmbeddedMongo     : 2021-05-16T16:27:54.971-0300 I NETWORK  [thread1] connection accepted from 127.0.0.1:56474 #2 (2 connections now open)
2021-05-16 16:27:54.972  INFO 46969 --- [       Thread-7] o.s.b.a.mongo.embedded.EmbeddedMongo     : 2021-05-16T16:27:54.972-0300 I NETWORK  [thread1] connection accepted from 127.0.0.1:56475 #3 (3 connections now open)
2021-05-16 16:27:54.973  INFO 46969 --- [       Thread-7] o.s.b.a.mongo.embedded.EmbeddedMongo     : 2021-05-16T16:27:54.973-0300 I NETWORK  [thread1] connection accepted from 127.0.0.1:56476 #4 (4 connections now open)
2021-05-16 16:27:55.081  INFO 46969 --- [       Thread-7] o.s.b.a.mongo.embedded.EmbeddedMongo     : 2021-05-16T16:27:55.081-0300 I NETWORK  [conn1] received client metadata from 127.0.0.1:56473 conn1: { driver: { name: "mongo-java-driver|reactive-streams|spring-boot", version: "4.1.2" }, os: { type: "Darwin", name: "Mac OS X", architecture: "x86_64", version: "10.14.5" }, platform: "Java/AdoptOpenJDK/11.0.11+9" }
2021-05-16 16:27:55.082  INFO 46969 --- [       Thread-7] o.s.b.a.mongo.embedded.EmbeddedMongo     : 2021-05-16T16:27:55.081-0300 I NETWORK  [conn2] received client metadata from 127.0.0.1:56474 conn2: { driver: { name: "mongo-java-driver|reactive-streams|spring-boot", version: "4.1.2" }, os: { type: "Darwin", name: "Mac OS X", architecture: "x86_64", version: "10.14.5" }, platform: "Java/AdoptOpenJDK/11.0.11+9" }
2021-05-16 16:27:55.083  INFO 46969 --- [       Thread-7] o.s.b.a.mongo.embedded.EmbeddedMongo     : 2021-05-16T16:27:55.081-0300 I NETWORK  [conn3] received client metadata from 127.0.0.1:56475 conn3: { driver: { name: "mongo-java-driver|sync|spring-boot", version: "4.1.2" }, os: { type: "Darwin", name: "Mac OS X", architecture: "x86_64", version: "10.14.5" }, platform: "Java/AdoptOpenJDK/11.0.11+9" }
2021-05-16 16:27:55.083  INFO 46969 --- [       Thread-7] o.s.b.a.mongo.embedded.EmbeddedMongo     : 2021-05-16T16:27:55.081-0300 I NETWORK  [conn4] received client metadata from 127.0.0.1:56476 conn4: { driver: { name: "mongo-java-driver|sync|spring-boot", version: "4.1.2" }, os: { type: "Darwin", name: "Mac OS X", architecture: "x86_64", version: "10.14.5" }, platform: "Java/AdoptOpenJDK/11.0.11+9" }
2021-05-16 16:27:55.169  INFO 46969 --- [localhost:56467] org.mongodb.driver.connection            : Opened connection [connectionId{localValue:3, serverValue:4}] to localhost:56467
2021-05-16 16:27:55.171  INFO 46969 --- [localhost:56467] org.mongodb.driver.cluster               : Monitor thread successfully connected to server with description ServerDescription{address=localhost:56467, type=STANDALONE, state=CONNECTED, ok=true, minWireVersion=0, maxWireVersion=5, maxDocumentSize=16777216, logicalSessionTimeoutMinutes=null, roundTripTimeNanos=169718008}
2021-05-16 16:27:55.174  INFO 46969 --- [localhost:56467] org.mongodb.driver.connection            : Opened connection [connectionId{localValue:4, serverValue:3}] to localhost:56467
2021-05-16 16:27:55.175  INFO 46969 --- [localhost:56467] org.mongodb.driver.connection            : Opened connection [connectionId{localValue:2, serverValue:2}] to localhost:56467
2021-05-16 16:27:55.176  INFO 46969 --- [localhost:56467] org.mongodb.driver.cluster               : Monitor thread successfully connected to server with description ServerDescription{address=localhost:56467, type=STANDALONE, state=CONNECTED, ok=true, minWireVersion=0, maxWireVersion=5, maxDocumentSize=16777216, logicalSessionTimeoutMinutes=null, roundTripTimeNanos=175681953}
2021-05-16 16:27:55.187  INFO 46969 --- [localhost:56467] org.mongodb.driver.connection            : Opened connection [connectionId{localValue:1, serverValue:1}] to localhost:56467
2021-05-16 16:27:55.586  INFO 46969 --- [    Test worker] o.s.b.a.e.web.EndpointLinksResolver      : Exposing 2 endpoint(s) beneath base path '/actuator'
2021-05-16 16:27:56.462  INFO 46969 --- [    Test worker] o.s.s.c.ThreadPoolTaskScheduler          : Initializing ExecutorService 'taskScheduler'
2021-05-16 16:27:56.489  INFO 46969 --- [    Test worker] c.f.c.c.BeanFactoryAwareFunctionRegistry : Can't determine default function definition. Please use 'spring.cloud.function.definition' property to explicitly define it.
2021-05-16 16:27:57.107  INFO 46969 --- [    Test worker] o.s.i.endpoint.EventDrivenConsumer       : Adding {logging-channel-adapter:_org.springframework.integration.errorLogger} as a subscriber to the 'errorChannel' channel
2021-05-16 16:27:57.107  INFO 46969 --- [    Test worker] o.s.i.channel.PublishSubscribeChannel    : Channel 'application.errorChannel' has 1 subscriber(s).
2021-05-16 16:27:57.108  INFO 46969 --- [    Test worker] o.s.i.endpoint.EventDrivenConsumer       : started bean '_org.springframework.integration.errorLogger'
2021-05-16 16:27:57.130  INFO 46969 --- [    Test worker] com.example.demo.DemoApplicationTests    : Started DemoApplicationTests in 12.458 seconds (JVM running for 14.58)
]]></system-out>
  <system-err><![CDATA[]]></system-err>
</testsuite>
